commit 4b85037db539e1b04f1a6c280b2530c8eeef2209
Author: Andreas Ernhofer <aernhofer@student.tgm.ac.at>
Date:   Mon Feb 22 14:06:12 2016 +0100

    Added Protokoll

 doc/Protokoll/Protokoll11.pdf | Bin 0 -> 1077340 bytes
 1 file changed, 0 insertions(+), 0 deletions(-)

commit c6797535ad1a6e3957f041f339a8722b00044013
Author: Andreas Ernhofer <aernhofer@student.tgm.ac.at>
Date:   Sun Feb 21 21:28:11 2016 +0100

    Generated JavaDoc

 doc/allclasses-frame.html                          |   39 +
 doc/allclasses-noframe.html                        |   39 +
 .../dezsys11_androidrestfulws/ApplicationTest.html |  239 +
 .../dezsys11_androidrestfulws/BuildConfig.html     |  354 +
 .../dezsys11_androidrestfulws/Constants.html       |  234 +
 .../dezsys11_androidrestfulws/HomeActivity.html    |  273 +
 .../dezsys11_androidrestfulws/LoginActivity.html   |  349 +
 .../ernhofer/dezsys11_androidrestfulws/R.anim.html |  430 +
 .../ernhofer/dezsys11_androidrestfulws/R.attr.html | 5232 +++++++++++
 .../ernhofer/dezsys11_androidrestfulws/R.bool.html |  396 +
 .../dezsys11_androidrestfulws/R.color.html         | 1501 ++++
 .../dezsys11_androidrestfulws/R.dimen.html         | 1569 ++++
 .../dezsys11_androidrestfulws/R.drawable.html      | 1450 +++
 doc/at/ernhofer/dezsys11_androidrestfulws/R.html   |  300 +
 .../ernhofer/dezsys11_androidrestfulws/R.id.html   | 2045 +++++
 .../dezsys11_androidrestfulws/R.integer.html       |  345 +
 .../dezsys11_androidrestfulws/R.layout.html        |  940 ++
 .../dezsys11_androidrestfulws/R.mipmap.html        |  277 +
 .../dezsys11_androidrestfulws/R.string.html        |  787 ++
 .../dezsys11_androidrestfulws/R.style.html         | 5496 ++++++++++++
 .../dezsys11_androidrestfulws/R.styleable.html     | 9393 ++++++++++++++++++++
 .../RegisterActivity.html                          |  345 +
 .../dezsys11_androidrestfulws/Utility.html         |  299 +
 .../dezsys11_androidrestfulws/package-frame.html   |   40 +
 .../dezsys11_androidrestfulws/package-summary.html |  230 +
 .../dezsys11_androidrestfulws/package-tree.html    |  165 +
 doc/constant-values.html                           | 8915 +++++++++++++++++++
 doc/deprecated-list.html                           |  120 +
 doc/help-doc.html                                  |  217 +
 doc/index-files/index-1.html                       | 1085 +++
 doc/index-files/index-10.html                      |  299 +
 doc/index-files/index-11.html                      |  335 +
 doc/index-files/index-12.html                      |  180 +
 doc/index-files/index-13.html                      |  133 +
 doc/index-files/index-14.html                      |  240 +
 doc/index-files/index-15.html                      |  132 +
 doc/index-files/index-16.html                      |  219 +
 doc/index-files/index-17.html                      |  500 ++
 doc/index-files/index-18.html                      | 1129 +++
 doc/index-files/index-19.html                      |  133 +
 doc/index-files/index-2.html                       |  540 ++
 doc/index-files/index-20.html                      |  203 +
 doc/index-files/index-21.html                      |  303 +
 doc/index-files/index-3.html                       |  279 +
 doc/index-files/index-4.html                       |  245 +
 doc/index-files/index-5.html                       |  159 +
 doc/index-files/index-6.html                       |  129 +
 doc/index-files/index-7.html                       |  132 +
 doc/index-files/index-8.html                       |  169 +
 doc/index-files/index-9.html                       |  180 +
 doc/index.html                                     |   71 +
 doc/overview-tree.html                             |  169 +
 doc/package-list                                   |    1 +
 doc/script.js                                      |   30 +
 doc/stylesheet.css                                 |  574 ++
 55 files changed, 49588 insertions(+)

commit 5a5aa1b40d7a49dff790d4411a01d0cbc1350291
Author: Andreas Ernhofer <aernhofer@student.tgm.ac.at>
Date:   Sun Feb 21 20:51:49 2016 +0100

    Added email validation

 .../dezsys11_androidrestfulws/Constants.java       |  3 +-
 .../dezsys11_androidrestfulws/LoginActivity.java   |  4 +--
 .../RegisterActivity.java                          |  5 +---
 .../dezsys11_androidrestfulws/Utility.java         | 34 ++++++++++++++++++++--
 4 files changed, 35 insertions(+), 11 deletions(-)

commit a97613fce026aa1c9588a9bba12852407c401e5d
Author: Andreas Ernhofer <aernhofer@student.tgm.ac.at>
Date:   Fri Feb 19 22:47:28 2016 +0100

    App connected to WS
    
    no email pattern

 .../main/java/at/ernhofer/dezsys11_androidrestfulws/Constants.java    | 4 ++--
 .../java/at/ernhofer/dezsys11_androidrestfulws/LoginActivity.java     | 4 +++-
 .../java/at/ernhofer/dezsys11_androidrestfulws/RegisterActivity.java  | 1 +
 3 files changed, 6 insertions(+), 3 deletions(-)

commit add2f25b0f9179b21548d8b08d9674472f2ac268
Author: Andreas Ernhofer <aernhofer@student.tgm.ac.at>
Date:   Fri Feb 19 21:55:05 2016 +0100

    Runnable Android App

 .../at/ernhofer/dezsys11_androidrestfulws/Constants.java | 10 ++++++++++
 .../dezsys11_androidrestfulws/LoginActivity.java         | 11 ++++++++++-
 .../ernhofer/dezsys11_androidrestfulws/MainActivity.java | 13 -------------
 .../dezsys11_androidrestfulws/RegisterActivity.java      | 15 +++++++++++++--
 .../at/ernhofer/dezsys11_androidrestfulws/Utility.java   |  4 +++-
 app/src/main/res/layout/activity_main.xml                | 16 ----------------
 6 files changed, 36 insertions(+), 33 deletions(-)

commit fc9fac5414cb9db22ab30be18a03301b0bda1e77
Author: Andreas Ernhofer <aernhofer@student.tgm.ac.at>
Date:   Fri Feb 19 21:26:07 2016 +0100

    Updated AndroidManifest

 app/src/main/AndroidManifest.xml | 26 ++++++++++++++++++++++----
 1 file changed, 22 insertions(+), 4 deletions(-)

commit ffcd261e7e7851768a733493b35bde30dba4b4b5
Author: Andreas Ernhofer <aernhofer@student.tgm.ac.at>
Date:   Fri Feb 19 21:20:55 2016 +0100

    Created Java Classes

 app/build.gradle                                   |   1 +
 .../dezsys11_androidrestfulws/HomeActivity.java    |  18 +++
 .../dezsys11_androidrestfulws/LoginActivity.java   | 163 +++++++++++++++++++
 .../RegisterActivity.java                          | 173 +++++++++++++++++++++
 .../dezsys11_androidrestfulws/Utility.java         |  36 +++++
 5 files changed, 391 insertions(+)

commit c5cfe8bd9c6d14b411371b0208c015d84bec1a2c
Author: Andreas Ernhofer <aernhofer@student.tgm.ac.at>
Date:   Fri Feb 19 20:51:57 2016 +0100

    Created Layouts

 app/src/main/res/layout/activity_main.xml |   9 ++-
 app/src/main/res/layout/home.xml          |  18 ++++++
 app/src/main/res/layout/login.xml         |  70 +++++++++++++++++++++
 app/src/main/res/layout/register.xml      | 100 ++++++++++++++++++++++++++++++
 4 files changed, 192 insertions(+), 5 deletions(-)

commit 3c6b11904d64d63eb00d13e39c1acda2c9ae4d23
Author: Andreas Ernhofer <aernhofer@student.tgm.ac.at>
Date:   Fri Feb 19 20:49:51 2016 +0100

    Added Values

 app/src/main/res/values/strings.xml | 13 ++++++++++++-
 1 file changed, 12 insertions(+), 1 deletion(-)

commit 7591d783049e00b32d293be235e68a1d8590b0ac
Author: Andreas Ernhofer <aernhofer@student.tgm.ac.at>
Date:   Fri Feb 19 20:44:22 2016 +0100

    new Projekt

 app/build.gradle                                   |  22 ++----------
 app/proguard-rules.pro                             |   2 +-
 .../app/ApplicationTest.java                       |  13 --------
 .../dezsys11_androidrestfulws/ApplicationTest.java |  13 ++++++++
 app/src/main/AndroidManifest.xml                   |   7 ++--
 .../app/MainActivity.java                          |  37 ---------------------
 .../dezsys11_androidrestfulws/MainActivity.java    |  13 ++++++++
 app/src/main/res/layout/activity_main.xml          |  27 +++++++--------
 app/src/main/res/menu/menu_main.xml                |   9 -----
 app/src/main/res/mipmap-xxxhdpi/ic_launcher.png    | Bin 0 -> 10486 bytes
 app/src/main/res/values/colors.xml                 |   6 ++++
 app/src/main/res/values/strings.xml                |   5 +--
 app/src/main/res/values/styles.xml                 |   3 ++
 .../dezsys11_androidrestfulws/ExampleUnitTest.java |  15 +++++++++
 build.gradle                                       |   6 +++-
 gradle/wrapper/gradle-wrapper.jar                  | Bin 49896 -> 53637 bytes
 gradle/wrapper/gradle-wrapper.properties           |   4 +--
 gradlew                                            |  10 ++----
 18 files changed, 82 insertions(+), 110 deletions(-)

commit cf716b8dd9bc1e6957571f3bf1b17d9013500f95
Author: Andreas Ernhofer <aernhofer@student.tgm.ac.at>
Date:   Fri Feb 19 10:43:06 2016 +0100

    new Gradle Projekt

 app/.gitignore                                     |   1 +
 app/build.gradle                                   |  42 ++++++
 app/proguard-rules.pro                             |  17 +++
 .../app/ApplicationTest.java                       |  13 ++
 app/src/main/AndroidManifest.xml                   |  21 +++
 .../app/MainActivity.java                          |  37 +++++
 app/src/main/res/layout/activity_main.xml          |  16 ++
 app/src/main/res/menu/menu_main.xml                |   9 ++
 app/src/main/res/mipmap-hdpi/ic_launcher.png       | Bin 0 -> 3418 bytes
 app/src/main/res/mipmap-mdpi/ic_launcher.png       | Bin 0 -> 2206 bytes
 app/src/main/res/mipmap-xhdpi/ic_launcher.png      | Bin 0 -> 4842 bytes
 app/src/main/res/mipmap-xxhdpi/ic_launcher.png     | Bin 0 -> 7718 bytes
 app/src/main/res/values-w820dp/dimens.xml          |   6 +
 app/src/main/res/values/dimens.xml                 |   5 +
 app/src/main/res/values/strings.xml                |   6 +
 app/src/main/res/values/styles.xml                 |   8 +
 build.gradle                                       |  19 +++
 gradle.properties                                  |  18 +++
 gradle/wrapper/gradle-wrapper.jar                  | Bin 0 -> 49896 bytes
 gradle/wrapper/gradle-wrapper.properties           |   6 +
 gradlew                                            | 164 +++++++++++++++++++++
 gradlew.bat                                        |  90 +++++++++++
 settings.gradle                                    |   1 +
 23 files changed, 479 insertions(+)

commit 4bb0c78f32798bf9ef3d20fe9a9bd3c3301e4da4
Author: Andreas Ernhofer <aernhofer@student.tgm.ac.at>
Date:   Fri Feb 19 10:42:24 2016 +0100

    deleted old Files

 build.xml                                          |  92 -------------------
 proguard-project.txt                               |  20 -----
 project.properties                                 |  14 ---
 res/drawable-hdpi/ic_launcher.png                  | Bin 9397 -> 0 bytes
 res/drawable-ldpi/ic_launcher.png                  | Bin 2729 -> 0 bytes
 res/drawable-mdpi/ic_launcher.png                  | Bin 5237 -> 0 bytes
 res/drawable-xhdpi/ic_launcher.png                 | Bin 14383 -> 0 bytes
 res/layout/home.xml                                |  18 ----
 res/layout/login.xml                               |  70 ---------------
 res/layout/main.xml                                |  13 ---
 res/layout/register.xml                            | 100 ---------------------
 res/values/strings.xml                             |  14 ---
 .../DEZSYS10_AndroidRestFulWS/MyActivity.java      |  15 ----
 13 files changed, 356 deletions(-)

commit eab80a18cf16d55e22b8f49c5a18ae2b36a67515
Author: Andreas Ernhofer <aernhofer@student.tgm.ac.at>
Date:   Fri Feb 19 10:41:27 2016 +0100

    deleted old Projekt

 .gitignore          | 10 ++++++++++
 AndroidManifest.xml | 16 ----------------
 ant.properties      | 17 -----------------
 3 files changed, 10 insertions(+), 33 deletions(-)

commit d4b070c0fa942f1de81739b9fd83f1999bd625f7
Author: Andreas Ernhofer <aernhofer@student.tgm.ac.at>
Date:   Fri Feb 19 09:33:15 2016 +0100

    Added Layout

 res/layout/home.xml     |  18 +++++++++
 res/layout/login.xml    |  70 +++++++++++++++++++++++++++++++++
 res/layout/register.xml | 100 ++++++++++++++++++++++++++++++++++++++++++++++++
 res/values/strings.xml  |  10 +++++
 4 files changed, 198 insertions(+)

commit c86cb98b41c6bf2de9a8eb7dc769a64fbb37cbd7
Author: Andreas Ernhofer <aernhofer@student.tgm.ac.at>
Date:   Fri Feb 19 09:21:04 2016 +0100

    Hello World

 .gitignore                                         |  59 +++++++++++++
 AndroidManifest.xml                                |  16 ++++
 ant.properties                                     |  17 ++++
 build.xml                                          |  92 +++++++++++++++++++++
 proguard-project.txt                               |  20 +++++
 project.properties                                 |  14 ++++
 res/drawable-hdpi/ic_launcher.png                  | Bin 0 -> 9397 bytes
 res/drawable-ldpi/ic_launcher.png                  | Bin 0 -> 2729 bytes
 res/drawable-mdpi/ic_launcher.png                  | Bin 0 -> 5237 bytes
 res/drawable-xhdpi/ic_launcher.png                 | Bin 0 -> 14383 bytes
 res/layout/main.xml                                |  13 +++
 res/values/strings.xml                             |   4 +
 .../DEZSYS10_AndroidRestFulWS/MyActivity.java      |  15 ++++
 13 files changed, 250 insertions(+)

commit f95055c4cad11b6e91e5afd92d92115d60844b14
Author: Andreas Ernhofer <aernhofer@student.tgm.ac.at>
Date:   Fri Feb 19 09:10:47 2016 +0100

    :tada: Added .gitattributes

 .gitattributes | 17 +++++++++++++++++
 1 file changed, 17 insertions(+)
